<?xml version="1.0" encoding="UTF-8"?>
<testng-results ignored="0" total="1" passed="1" failed="0" skipped="0">
  <reporter-output>
  </reporter-output>
  <suite started-at="2024-02-26T18:42:16 IST" name="Suite" finished-at="2024-02-26T18:42:49 IST" duration-ms="32811">
    <groups>
    </groups>
    <test started-at="2024-02-26T18:42:16 IST" name="Test" finished-at="2024-02-26T18:42:49 IST" duration-ms="32811">
      <class name="testClass.login.LoginTest">
        <test-method is-config="true" signature="setup()[pri:0, instance:testClass.login.LoginTest@a1153bc]" started-at="2024-02-26T18:42:16 IST" name="setup" finished-at="2024-02-26T18:42:18 IST" duration-ms="1770" status="PASS">
          <reporter-output>
          </reporter-output>
        </test-method> <!-- setup -->
        <test-method signature="visiLeanUserLoginTest()[pri:0, instance:testClass.login.LoginTest@a1153bc]" started-at="2024-02-26T18:42:18 IST" name="visiLeanUserLoginTest" finished-at="2024-02-26T18:42:48 IST" duration-ms="30778" status="PASS">
          <reporter-output>
          </reporter-output>
        </test-method> <!-- visiLeanUserLoginTest -->
        <test-method is-config="true" signature="tearDown()[pri:0, instance:testClass.login.LoginTest@a1153bc]" started-at="2024-02-26T18:42:48 IST" name="tearDown" finished-at="2024-02-26T18:42:49 IST" duration-ms="223" status="PASS">
          <reporter-output>
          </reporter-output>
        </test-method> <!-- tearDown -->
      </class> <!-- testClass.login.LoginTest -->
    </test> <!-- Test -->
  </suite> <!-- Suite -->
</testng-results>
